# JRE version: OpenJDK Runtime Environment (21.0.7) (build 21.0.7+-13880790-b1038.58)
# Java VM: OpenJDK 64-Bit Server VM (21.0.7+-13880790-b1038.58, mixed mode, tiered, compressed oops, compressed class ptrs, g1 gc, windows-amd64)
GC Precious Log:
 CardTable entry size: 512
 Card Set container configuration: InlinePtr #cards 5 size 8 Array Of Cards #cards 12 size 40 Howl #buckets 4 coarsen threshold 1843 Howl Bitmap #cards 512 size 80 coarsen threshold 460 Card regions per heap region 1 cards per card region 2048
 CPUs: 12 total, 12 available
 Memory: 7583M
 Large Page Support: Disabled
 NUMA Support: Disabled
 Compressed Oops: Enabled (32-bit)
 Heap Region Size: 1M
 Heap Min Capacity: 8M
 Heap Initial Capacity: 120M
 Heap Max Capacity: 2G
 Pre-touch: Disabled
 Parallel Workers: 10
 Concurrent Workers: 3
 Concurrent Refinement Workers: 10
 Periodic GC: Disabled
Heap:
 garbage-first heap   total 406528K, used 264791K [0x0000000080000000, 0x0000000100000000)
  region size 1024K, 29 young (29696K), 10 survivors (10240K)
 Metaspace       used 197777K, committed 200512K, reserved 1245184K
  class space    used 25640K, committed 27008K, reserved 1048576K
GC Heap History (20 events):
Event: 78.267 GC heap before
{Heap before GC invocations=50 (full 0):
 garbage-first heap   total 339968K, used 258272K [0x0000000080000000, 0x0000000100000000)
  region size 1024K, 56 young (57344K), 4 survivors (4096K)
 Metaspace       used 153979K, committed 156352K, reserved 1245184K
  class space    used 19941K, committed 21120K, reserved 1048576K
}
Event: 78.276 GC heap after
{Heap after GC invocations=51 (full 0):
 garbage-first heap   total 339968K, used 210425K [0x0000000080000000, 0x0000000100000000)
  region size 1024K, 7 young (7168K), 7 survivors (7168K)
 Metaspace       used 153979K, committed 156352K, reserved 1245184K
  class space    used 19941K, committed 21120K, reserved 1048576K
}
Event: 80.120 GC heap before
{Heap before GC invocations=51 (full 0):
 garbage-first heap   total 339968K, used 306681K [0x0000000080000000, 0x0000000100000000)
  region size 1024K, 97 young (99328K), 7 survivors (7168K)
 Metaspace       used 161891K, committed 164352K, reserved 1245184K
  class space    used 20935K, committed 22144K, reserved 1048576K
}
Event: 80.132 GC heap after
{Heap after GC invocations=52 (full 0):
 garbage-first heap   total 339968K, used 213569K [0x0000000080000000, 0x0000000100000000)
  region size 1024K, 12 young (12288K), 12 survivors (12288K)
 Metaspace       used 161891K, committed 164352K, reserved 1245184K
  class space    used 20935K, committed 22144K, reserved 1048576K
}
Event: 81.522 GC heap before
{Heap before GC invocations=52 (full 0):
 garbage-first heap   total 339968K, used 276033K [0x0000000080000000, 0x0000000100000000)
  region size 1024K, 74 young (75776K), 12 survivors (12288K)
 Metaspace       used 167484K, committed 169984K, reserved 1245184K
  class space    used 21655K, committed 22912K, reserved 1048576K
}
Event: 81.533 GC heap after
{Heap after GC invocations=53 (full 0):
 garbage-first heap   total 339968K, used 216972K [0x0000000080000000, 0x0000000100000000)
  region size 1024K, 10 young (10240K), 10 survivors (10240K)
 Metaspace       used 167484K, committed 169984K, reserved 1245184K
  class space    used 21655K, committed 22912K, reserved 1048576K
}
Event: 83.477 GC heap before
{Heap before GC invocations=54 (full 0):
 garbage-first heap   total 363520K, used 309132K [0x0000000080000000, 0x0000000100000000)
  region size 1024K, 100 young (102400K), 10 survivors (10240K)
 Metaspace       used 171825K, committed 174336K, reserved 1245184K
  class space    used 22290K, committed 23552K, reserved 1048576K
}
Event: 83.489 GC heap after
{Heap after GC invocations=55 (full 0):
 garbage-first heap   total 363520K, used 223481K [0x0000000080000000, 0x0000000100000000)
  region size 1024K, 10 young (10240K), 10 survivors (10240K)
 Metaspace       used 171825K, committed 174336K, reserved 1245184K
  class space    used 22290K, committed 23552K, reserved 1048576K
}
Event: 84.507 GC heap before
{Heap before GC invocations=55 (full 0):
 garbage-first heap   total 363520K, used 332025K [0x0000000080000000, 0x0000000100000000)
  region size 1024K, 115 young (117760K), 10 survivors (10240K)
 Metaspace       used 172195K, committed 174656K, reserved 1245184K
  class space    used 22302K, committed 23552K, reserved 1048576K
}
Event: 84.523 GC heap after
{Heap after GC invocations=56 (full 0):
 garbage-first heap   total 363520K, used 229299K [0x0000000080000000, 0x0000000100000000)
  region size 1024K, 15 young (15360K), 15 survivors (15360K)
 Metaspace       used 172195K, committed 174656K, reserved 1245184K
  class space    used 22302K, committed 23552K, reserved 1048576K
}
Event: 86.804 GC heap before
{Heap before GC invocations=56 (full 0):
 garbage-first heap   total 363520K, used 312243K [0x0000000080000000, 0x0000000100000000)
  region size 1024K, 97 young (99328K), 15 survivors (15360K)
 Metaspace       used 177585K, committed 180160K, reserved 1245184K
  class space    used 22895K, committed 24192K, reserved 1048576K
}
Event: 86.824 GC heap after
{Heap after GC invocations=57 (full 0):
 garbage-first heap   total 363520K, used 238124K [0x0000000080000000, 0x0000000100000000)
  region size 1024K, 8 young (8192K), 8 survivors (8192K)
 Metaspace       used 177585K, committed 180160K, reserved 1245184K
  class space    used 22895K, committed 24192K, reserved 1048576K
}
Event: 89.211 GC heap before
{Heap before GC invocations=58 (full 0):
 garbage-first heap   total 399360K, used 335404K [0x0000000080000000, 0x0000000100000000)
  region size 1024K, 102 young (104448K), 8 survivors (8192K)
 Metaspace       used 184507K, committed 187200K, reserved 1245184K
  class space    used 24043K, committed 25408K, reserved 1048576K
}
Event: 89.221 GC heap after
{Heap after GC invocations=59 (full 0):
 garbage-first heap   total 399360K, used 240131K [0x0000000080000000, 0x0000000100000000)
  region size 1024K, 10 young (10240K), 10 survivors (10240K)
 Metaspace       used 184507K, committed 187200K, reserved 1245184K
  class space    used 24043K, committed 25408K, reserved 1048576K
}
Event: 91.934 GC heap before
{Heap before GC invocations=59 (full 0):
 garbage-first heap   total 399360K, used 374275K [0x0000000080000000, 0x0000000100000000)
  region size 1024K, 135 young (138240K), 10 survivors (10240K)
 Metaspace       used 192475K, committed 195200K, reserved 1245184K
  class space    used 24987K, committed 26304K, reserved 1048576K
}
Event: 91.961 GC heap after
{Heap after GC invocations=60 (full 0):
 garbage-first heap   total 400384K, used 241753K [0x0000000080000000, 0x0000000100000000)
  region size 1024K, 15 young (15360K), 15 survivors (15360K)
 Metaspace       used 192475K, committed 195200K, reserved 1245184K
  class space    used 24987K, committed 26304K, reserved 1048576K
}
Event: 93.883 GC heap before
{Heap before GC invocations=60 (full 0):
 garbage-first heap   total 400384K, used 362585K [0x0000000080000000, 0x0000000100000000)
  region size 1024K, 133 young (136192K), 15 survivors (15360K)
 Metaspace       used 192477K, committed 195200K, reserved 1245184K
  class space    used 24987K, committed 26304K, reserved 1048576K
}
Event: 93.902 GC heap after
{Heap after GC invocations=61 (full 0):
 garbage-first heap   total 400384K, used 245570K [0x0000000080000000, 0x0000000100000000)
  region size 1024K, 7 young (7168K), 7 survivors (7168K)
 Metaspace       used 192477K, committed 195200K, reserved 1245184K
  class space    used 24987K, committed 26304K, reserved 1048576K
}
Event: 99.734 GC heap before
{Heap before GC invocations=62 (full 0):
 garbage-first heap   total 406528K, used 366402K [0x0000000080000000, 0x0000000100000000)
  region size 1024K, 127 young (130048K), 7 survivors (7168K)
 Metaspace       used 196334K, committed 199040K, reserved 1245184K
  class space    used 25394K, committed 26752K, reserved 1048576K
}
Event: 99.745 GC heap after
{Heap after GC invocations=63 (full 0):
 garbage-first heap   total 406528K, used 246359K [0x0000000080000000, 0x0000000100000000)
  region size 1024K, 10 young (10240K), 10 survivors (10240K)
 Metaspace       used 196334K, committed 199040K, reserved 1245184K
  class space    used 25394K, committed 26752K, reserved 1048576K
}

